[32m[2015-12-07 17:14:09.432] [INFO] db - [39mè¿æ¥æ•°æ®åº“ library
[32m[2015-12-07 17:14:09.475] [INFO] db - [39mæ•°æ®åº“è¿æ¥æˆåŠŸ
[36m[2015-12-07 17:14:09.476] [DEBUG] db - [39musers å·²ç»åˆå§‹åŒ–
I am listening the port of 8181
[33m[nodemon] 1.8.1[39m
[33m[nodemon] to restart at any time, enter `rs`[39m
[33m[nodemon] watching: *.*[39m
[32m[nodemon] starting `node app.js`[39m
[32m[2015-12-08 16:46:15.146] [INFO] db - [39mè¿æ¥æ•°æ®åº“ library
[32m[2015-12-08 16:46:15.197] [INFO] db - [39mæ•°æ®åº“è¿æ¥æˆåŠŸ
[36m[2015-12-08 16:46:15.197] [DEBUG] db - [39musers å·²ç»åˆå§‹åŒ–
I am listening the port of 8181
[32m[nodemon] restarting due to changes...[39m
[32m[nodemon] starting `node app.js`[39m
[32m[nodemon] restarting due to changes...[39m
[32m[nodemon] starting `node app.js`[39m
[32m[2015-12-08 18:07:33.244] [INFO] db - [39mè¿æ¥æ•°æ®åº“ library
[32m[2015-12-08 18:07:33.285] [INFO] db - [39mæ•°æ®åº“è¿æ¥æˆåŠŸ
[36m[2015-12-08 18:07:33.285] [DEBUG] db - [39musers å·²ç»åˆå§‹åŒ–
I am listening the port of 8181
[32m[nodemon] restarting due to changes...[39m
[32m[nodemon] starting `node app.js`[39m
[32m[nodemon] restarting due to changes...[39m
[32m[nodemon] starting `node app.js`[39m
[32m[nodemon] restarting due to changes...[39m
[32m[nodemon] starting `node app.js`[39m
[32m[nodemon] restarting due to changes...[39m
[32m[nodemon] starting `node app.js`[39m
[32m[2015-12-08 18:07:37.246] [INFO] db - [39mè¿æ¥æ•°æ®åº“ library
[32m[2015-12-08 18:07:37.303] [INFO] db - [39mæ•°æ®åº“è¿æ¥æˆåŠŸ
[36m[2015-12-08 18:07:37.304] [DEBUG] db - [39musers å·²ç»åˆå§‹åŒ–
I am listening the port of 8181
[32m[nodemon] restarting due to changes...[39m
[32m[nodemon] starting `node app.js`[39m
[32m[2015-12-08 18:12:33.571] [INFO] db - [39mè¿æ¥æ•°æ®åº“ library
[32m[2015-12-08 18:12:33.610] [INFO] db - [39mæ•°æ®åº“è¿æ¥æˆåŠŸ
[36m[2015-12-08 18:12:33.611] [DEBUG] db - [39musers å·²ç»åˆå§‹åŒ–
I am listening the port of 8181
[32m[nodemon] restarting due to changes...[39m
[32m[nodemon] starting `node app.js`[39m
[32m[2015-12-08 18:17:37.247] [INFO] db - [39mè¿æ¥æ•°æ®åº“ library
[32m[2015-12-08 18:17:37.288] [INFO] db - [39mæ•°æ®åº“è¿æ¥æˆåŠŸ
[36m[2015-12-08 18:17:37.288] [DEBUG] db - [39musers å·²ç»åˆå§‹åŒ–
I am listening the port of 8181
[32m[nodemon] restarting due to changes...[39m
[32m[nodemon] starting `node app.js`[39m
[32m[2015-12-08 18:17:48.617] [INFO] db - [39mè¿æ¥æ•°æ®åº“ library
[32m[2015-12-08 18:17:48.667] [INFO] db - [39mæ•°æ®åº“è¿æ¥æˆåŠŸ
[36m[2015-12-08 18:17:48.668] [DEBUG] db - [39musers å·²ç»åˆå§‹åŒ–
I am listening the port of 8181
[32m[nodemon] restarting due to changes...[39m
[32m[nodemon] starting `node app.js`[39m
[32m[nodemon] restarting due to changes...[39m
[32m[nodemon] starting `node app.js`[39m
[32m[2015-12-08 18:18:50.796] [INFO] db - [39mè¿æ¥æ•°æ®åº“ library
[32m[2015-12-08 18:18:50.843] [INFO] db - [39mæ•°æ®åº“è¿æ¥æˆåŠŸ
[36m[2015-12-08 18:18:50.844] [DEBUG] db - [39musers å·²ç»åˆå§‹åŒ–
I am listening the port of 8181
[32m[nodemon] restarting due to changes...[39m
[32m[nodemon] starting `node app.js`[39m
[32m[nodemon] restarting due to changes...[39m
[32m[nodemon] starting `node app.js`[39m
[32m[nodemon] restarting due to changes...[39m
[32m[nodemon] starting `node app.js`[39m
[32m[nodemon] restarting due to changes...[39m
[32m[nodemon] starting `node app.js`[39m
[32m[2015-12-08 18:18:54.989] [INFO] db - [39mè¿æ¥æ•°æ®åº“ library
[32m[2015-12-08 18:18:55.028] [INFO] db - [39mæ•°æ®åº“è¿æ¥æˆåŠŸ
[36m[2015-12-08 18:18:55.028] [DEBUG] db - [39musers å·²ç»åˆå§‹åŒ–
I am listening the port of 8181
[32m[nodemon] restarting due to changes...[39m
[32m[nodemon] starting `node app.js`[39m
[32m[nodemon] restarting due to changes...[39m
[32m[nodemon] starting `node app.js`[39m
[32m[2015-12-08 18:19:01.676] [INFO] db - [39mè¿æ¥æ•°æ®åº“ library
[32m[2015-12-08 18:19:01.767] [INFO] db - [39mæ•°æ®åº“è¿æ¥æˆåŠŸ
[36m[2015-12-08 18:19:01.769] [DEBUG] db - [39musers å·²ç»åˆå§‹åŒ–
I am listening the port of 8181
[32m[nodemon] restarting due to changes...[39m
[32m[nodemon] starting `node app.js`[39m
[32m[nodemon] restarting due to changes...[39m
[32m[nodemon] starting `node app.js`[39m
[32m[2015-12-08 18:19:14.912] [INFO] db - [39mè¿æ¥æ•°æ®åº“ library
[32m[2015-12-08 18:19:14.956] [INFO] db - [39mæ•°æ®åº“è¿æ¥æˆåŠŸ
[36m[2015-12-08 18:19:14.956] [DEBUG] db - [39musers å·²ç»åˆå§‹åŒ–
I am listening the port of 8181
[32m[nodemon] restarting due to changes...[39m
[32m[nodemon] starting `node app.js`[39m
[32m[2015-12-08 18:20:37.562] [INFO] db - [39mè¿æ¥æ•°æ®åº“ library
[32m[2015-12-08 18:20:37.609] [INFO] db - [39mæ•°æ®åº“è¿æ¥æˆåŠŸ
[36m[2015-12-08 18:20:37.609] [DEBUG] db - [39musers å·²ç»åˆå§‹åŒ–
I am listening the port of 8181
[32m[nodemon] restarting due to changes...[39m
[32m[nodemon] restarting due to changes...[39m
[32m[nodemon] starting `node app.js`[39m
[32m[nodemon] restarting due to changes...[39m
[32m[nodemon] starting `node app.js`[39m
[32m[nodemon] restarting due to changes...[39m
[32m[nodemon] starting `node app.js`[39m
[32m[nodemon] restarting due to changes...[39m
[32m[nodemon] restarting due to changes...[39m
[32m[nodemon] restarting due to changes...[39m
[32m[nodemon] restarting due to changes...[39m
[32m[nodemon] restarting due to changes...[39m
[32m[nodemon] starting `node app.js`[39m
[32m[nodemon] restarting due to changes...[39m
[32m[nodemon] restarting due to changes...[39m
[32m[nodemon] restarting due to changes...[39m
[32m[nodemon] restarting due to changes...[39m
[32m[nodemon] restarting due to changes...[39m
[32m[nodemon] starting `node app.js`[39m
[32m[2015-12-08 18:21:01.600] [INFO] db - [39mè¿æ¥æ•°æ®åº“ library
[32m[2015-12-08 18:21:01.682] [INFO] db - [39mæ•°æ®åº“è¿æ¥æˆåŠŸ
[36m[2015-12-08 18:21:01.683] [DEBUG] db - [39musers å·²ç»åˆå§‹åŒ–
I am listening the port of 8181
[32m[nodemon] restarting due to changes...[39m
[32m[nodemon] restarting due to changes...[39m
[32m[nodemon] restarting due to changes...[39m
[32m[nodemon] starting `node app.js`[39m
[32m[nodemon] restarting due to changes...[39m
[32m[nodemon] restarting due to changes...[39m
[32m[nodemon] restarting due to changes...[39m
[32m[nodemon] restarting due to changes...[39m
[32m[nodemon] restarting due to changes...[39m
[32m[nodemon] restarting due to changes...[39m
[32m[nodemon] starting `node app.js`[39m
[32m[nodemon] restarting due to changes...[39m
[32m[nodemon] starting `node app.js`[39m
[32m[nodemon] restarting due to changes...[39m
[32m[nodemon] restarting due to changes...[39m
[32m[nodemon] restarting due to changes...[39m
[32m[nodemon] restarting due to changes...[39m
[32m[nodemon] restarting due to changes...[39m
[32m[nodemon] starting `node app.js`[39m
[32m[2015-12-08 18:22:11.674] [INFO] db - [39mè¿æ¥æ•°æ®åº“ library
[32m[2015-12-08 18:22:11.726] [INFO] db - [39mæ•°æ®åº“è¿æ¥æˆåŠŸ
[36m[2015-12-08 18:22:11.726] [DEBUG] db - [39musers å·²ç»åˆå§‹åŒ–
I am listening the port of 8181
[32m[nodemon] restarting due to changes...[39m
[32m[nodemon] restarting due to changes...[39m
[32m[nodemon] restarting due to changes...[39m
[32m[nodemon] starting `node app.js`[39m
[32m[nodemon] restarting due to changes...[39m
[32m[nodemon] restarting due to changes...[39m
[32m[nodemon] restarting due to changes...[39m
[32m[nodemon] restarting due to changes...[39m
[32m[nodemon] restarting due to changes...[39m
[32m[nodemon] restarting due to changes...[39m
[32m[nodemon] restarting due to changes...[39m
[32m[nodemon] restarting due to changes...[39m
[32m[nodemon] restarting due to changes...[39m
[32m[nodemon] restarting due to changes...[39m
[32m[nodemon] starting `node app.js`[39m
[32m[2015-12-08 18:22:18.795] [INFO] db - [39mè¿æ¥æ•°æ®åº“ library
[32m[2015-12-08 18:22:18.836] [INFO] db - [39mæ•°æ®åº“è¿æ¥æˆåŠŸ
[36m[2015-12-08 18:22:18.836] [DEBUG] db - [39musers å·²ç»åˆå§‹åŒ–
I am listening the port of 8181
[32m[nodemon] restarting due to changes...[39m
[32m[nodemon] restarting due to changes...[39m
[32m[nodemon] restarting due to changes...[39m
[32m[nodemon] starting `node app.js`[39m
[32m[nodemon] restarting due to changes...[39m
[32m[nodemon] restarting due to changes...[39m
[32m[nodemon] restarting due to changes...[39m
[32m[nodemon] restarting due to changes...[39m
[32m[nodemon] restarting due to changes...[39m
[32m[nodemon] starting `node app.js`[39m
[32m[nodemon] restarting due to changes...[39m
[32m[nodemon] restarting due to changes...[39m
[32m[nodemon] restarting due to changes...[39m
[32m[nodemon] restarting due to changes...[39m
[32m[nodemon] restarting due to changes...[39m
[32m[nodemon] starting `node app.js`[39m
[32m[2015-12-08 18:22:47.312] [INFO] db - [39mè¿æ¥æ•°æ®åº“ library
[32m[2015-12-08 18:22:47.354] [INFO] db - [39mæ•°æ®åº“è¿æ¥æˆåŠŸ
[36m[2015-12-08 18:22:47.354] [DEBUG] db - [39musers å·²ç»åˆå§‹åŒ–
I am listening the port of 8181
[32m[nodemon] restarting due to changes...[39m
[32m[nodemon] restarting due to changes...[39m
[32m[nodemon] restarting due to changes...[39m
[32m[nodemon] restarting due to changes...[39m
[32m[nodemon] restarting due to changes...[39m
[32m[nodemon] restarting due to changes...[39m
[32m[nodemon] restarting due to changes...[39m
[32m[nodemon] starting `node app.js`[39m
[32m[nodemon] restarting due to changes...[39m
[32m[nodemon] restarting due to changes...[39m
[32m[nodemon] restarting due to changes...[39m
[32m[nodemon] restarting due to changes...[39m
[32m[nodemon] restarting due to changes...[39m
[32m[nodemon] starting `node app.js`[39m
[32m[2015-12-08 18:23:15.500] [INFO] db - [39mè¿æ¥æ•°æ®åº“ library
[32m[2015-12-08 18:23:15.548] [INFO] db - [39mæ•°æ®åº“è¿æ¥æˆåŠŸ
[36m[2015-12-08 18:23:15.548] [DEBUG] db - [39musers å·²ç»åˆå§‹åŒ–
I am listening the port of 8181
[32m[nodemon] restarting due to changes...[39m
[32m[nodemon] restarting due to changes...[39m
[32m[nodemon] starting `node app.js`[39m
[32m[nodemon] restarting due to changes...[39m
[32m[nodemon] restarting due to changes...[39m
[32m[nodemon] restarting due to changes...[39m
[32m[nodemon] restarting due to changes...[39m
[32m[nodemon] restarting due to changes...[39m
[32m[nodemon] starting `node app.js`[39m
[32m[nodemon] restarting due to changes...[39m
[32m[nodemon] restarting due to changes...[39m
[32m[nodemon] restarting due to changes...[39m
[32m[nodemon] restarting due to changes...[39m
[32m[nodemon] restarting due to changes...[39m
[32m[nodemon] starting `node app.js`[39m
[32m[2015-12-08 18:23:36.842] [INFO] db - [39mè¿æ¥æ•°æ®åº“ library
[32m[2015-12-08 18:23:36.881] [INFO] db - [39mæ•°æ®åº“è¿æ¥æˆåŠŸ
[36m[2015-12-08 18:23:36.882] [DEBUG] db - [39musers å·²ç»åˆå§‹åŒ–
I am listening the port of 8181
[TypeError: new path must be a string]
[TypeError: new path must be a string]
[TypeError: new path must be a string]
[TypeError: new path must be a string]
[TypeError: new path must be a string]
[TypeError: new path must be a string]
[32m[nodemon] restarting due to changes...[39m
[32m[nodemon] restarting due to changes...[39m
[32m[nodemon] starting `node app.js`[39m
[32m[nodemon] restarting due to changes...[39m
[32m[nodemon] restarting due to changes...[39m
[32m[nodemon] restarting due to changes...[39m
[32m[nodemon] restarting due to changes...[39m
[32m[nodemon] restarting due to changes...[39m
[32m[nodemon] restarting due to changes...[39m
[32m[nodemon] restarting due to changes...[39m
[32m[nodemon] restarting due to changes...[39m
[32m[nodemon] restarting due to changes...[39m
[32m[nodemon] restarting due to changes...[39m
[32m[nodemon] starting `node app.js`[39m
[32m[2015-12-08 18:24:06.430] [INFO] db - [39mè¿æ¥æ•°æ®åº“ library
[32m[2015-12-08 18:24:06.477] [INFO] db - [39mæ•°æ®åº“è¿æ¥æˆåŠŸ
[36m[2015-12-08 18:24:06.477] [DEBUG] db - [39musers å·²ç»åˆå§‹åŒ–
I am listening the port of 8181
[32m[nodemon] restarting due to changes...[39m
[32m[nodemon] restarting due to changes...[39m
[32m[nodemon] restarting due to changes...[39m
[32m[nodemon] restarting due to changes...[39m
[32m[nodemon] restarting due to changes...[39m
[32m[nodemon] restarting due to changes...[39m
[32m[nodemon] restarting due to changes...[39m
[32m[nodemon] starting `node app.js`[39m
[32m[nodemon] restarting due to changes...[39m
[32m[nodemon] restarting due to changes...[39m
[32m[nodemon] restarting due to changes...[39m
[32m[nodemon] restarting due to changes...[39m
[32m[nodemon] restarting due to changes...[39m
[32m[nodemon] starting `node app.js`[39m
[32m[2015-12-08 18:24:56.793] [INFO] db - [39mè¿æ¥æ•°æ®åº“ library
[32m[2015-12-08 18:24:56.841] [INFO] db - [39mæ•°æ®åº“è¿æ¥æˆåŠŸ
[36m[2015-12-08 18:24:56.841] [DEBUG] db - [39musers å·²ç»åˆå§‹åŒ–
I am listening the port of 8181
[32m[nodemon] restarting due to changes...[39m
[32m[nodemon] restarting due to changes...[39m
[32m[nodemon] starting `node app.js`[39m
[32m[nodemon] restarting due to changes...[39m
[32m[nodemon] restarting due to changes...[39m
[32m[nodemon] restarting due to changes...[39m
[32m[nodemon] restarting due to changes...[39m
[32m[nodemon] restarting due to changes...[39m
[32m[nodemon] starting `node app.js`[39m
[32m[nodemon] restarting due to changes...[39m
[32m[nodemon] restarting due to changes...[39m
[32m[nodemon] restarting due to changes...[39m
[32m[nodemon] restarting due to changes...[39m
[32m[nodemon] restarting due to changes...[39m
[32m[nodemon] starting `node app.js`[39m
[32m[2015-12-08 18:25:07.573] [INFO] db - [39mè¿æ¥æ•°æ®åº“ library
[32m[2015-12-08 18:25:07.648] [INFO] db - [39mæ•°æ®åº“è¿æ¥æˆåŠŸ
[36m[2015-12-08 18:25:07.649] [DEBUG] db - [39musers å·²ç»åˆå§‹åŒ–
I am listening the port of 8181
[32m[nodemon] restarting due to changes...[39m
[32m[nodemon] starting `node app.js`[39m
[32m[nodemon] restarting due to changes...[39m
[32m[nodemon] starting `node app.js`[39m
[32m[nodemon] restarting due to changes...[39m
[32m[nodemon] restarting due to changes...[39m
[32m[nodemon] restarting due to changes...[39m
[32m[nodemon] restarting due to changes...[39m
[32m[nodemon] restarting due to changes...[39m
[32m[nodemon] restarting due to changes...[39m
[32m[nodemon] restarting due to changes...[39m
[32m[nodemon] restarting due to changes...[39m
[32m[nodemon] restarting due to changes...[39m
[32m[nodemon] restarting due to changes...[39m
[32m[nodemon] starting `node app.js`[39m
[32m[2015-12-08 18:25:17.151] [INFO] db - [39mè¿æ¥æ•°æ®åº“ library
[32m[2015-12-08 18:25:17.285] [INFO] db - [39mæ•°æ®åº“è¿æ¥æˆåŠŸ
[36m[2015-12-08 18:25:17.285] [DEBUG] db - [39musers å·²ç»åˆå§‹åŒ–
I am listening the port of 8181
[32m[nodemon] restarting due to changes...[39m
[32m[nodemon] restarting due to changes...[39m
[32m[nodemon] starting `node app.js`[39m
[32m[nodemon] restarting due to changes...[39m
[32m[nodemon] starting `node app.js`[39m
[32m[nodemon] restarting due to changes...[39m
[32m[nodemon] restarting due to changes...[39m
[32m[nodemon] restarting due to changes...[39m
[32m[nodemon] restarting due to changes...[39m
[32m[nodemon] restarting due to changes...[39m
[32m[nodemon] restarting due to changes...[39m
[32m[nodemon] restarting due to changes...[39m
[32m[nodemon] restarting due to changes...[39m
[32m[nodemon] restarting due to changes...[39m
[32m[nodemon] restarting due to changes...[39m
[32m[nodemon] starting `node app.js`[39m
[32m[2015-12-08 18:25:24.416] [INFO] db - [39mè¿æ¥æ•°æ®åº“ library
[32m[2015-12-08 18:25:24.506] [INFO] db - [39mæ•°æ®åº“è¿æ¥æˆåŠŸ
[36m[2015-12-08 18:25:24.506] [DEBUG] db - [39musers å·²ç»åˆå§‹åŒ–
I am listening the port of 8181
[32m[nodemon] restarting due to changes...[39m
[32m[nodemon] restarting due to changes...[39m
[32m[nodemon] starting `node app.js`[39m
[32m[nodemon] restarting due to changes...[39m
[32m[nodemon] restarting due to changes...[39m
[32m[nodemon] restarting due to changes...[39m
[32m[nodemon] restarting due to changes...[39m
[32m[nodemon] restarting due to changes...[39m
[32m[nodemon] starting `node app.js`[39m
[32m[nodemon] restarting due to changes...[39m
[32m[nodemon] restarting due to changes...[39m
[32m[nodemon] restarting due to changes...[39m
[32m[nodemon] restarting due to changes...[39m
[32m[nodemon] restarting due to changes...[39m
[32m[nodemon] starting `node app.js`[39m
[32m[2015-12-08 18:35:27.352] [INFO] db - [39mè¿æ¥æ•°æ®åº“ library
[32m[2015-12-08 18:35:27.399] [INFO] db - [39mæ•°æ®åº“è¿æ¥æˆåŠŸ
[36m[2015-12-08 18:35:27.399] [DEBUG] db - [39musers å·²ç»åˆå§‹åŒ–
I am listening the port of 8181
[32m[nodemon] restarting due to changes...[39m
[32m[nodemon] starting `node app.js`[39m
[32m[2015-12-09 16:05:54.687] [INFO] db - [39mè¿æ¥æ•°æ®åº“ library
[32m[2015-12-09 16:05:54.773] [INFO] db - [39mæ•°æ®åº“è¿æ¥æˆåŠŸ
[36m[2015-12-09 16:05:54.773] [DEBUG] db - [39musers å·²ç»åˆå§‹åŒ–
I am listening the port of 8181
[32m[nodemon] restarting due to changes...[39m
[32m[nodemon] starting `node app.js`[39m
[32m[2015-12-09 16:06:39.797] [INFO] db - [39mè¿æ¥æ•°æ®åº“ library
[32m[2015-12-09 16:06:39.857] [INFO] db - [39mæ•°æ®åº“è¿æ¥æˆåŠŸ
[36m[2015-12-09 16:06:39.857] [DEBUG] db - [39musers å·²ç»åˆå§‹åŒ–
I am listening the port of 8181
[32m[nodemon] restarting due to changes...[39m
[32m[nodemon] starting `node app.js`[39m
[32m[2015-12-09 16:08:04.944] [INFO] db - [39mè¿æ¥æ•°æ®åº“ library
[32m[2015-12-09 16:08:04.986] [INFO] db - [39mæ•°æ®åº“è¿æ¥æˆåŠŸ
[36m[2015-12-09 16:08:04.986] [DEBUG] db - [39musers å·²ç»åˆå§‹åŒ–
I am listening the port of 8181
[32m[nodemon] restarting due to changes...[39m
[32m[nodemon] starting `node app.js`[39m
[32m[2015-12-09 16:08:21.746] [INFO] db - [39mè¿æ¥æ•°æ®åº“ library
[32m[2015-12-09 16:08:21.815] [INFO] db - [39mæ•°æ®åº“è¿æ¥æˆåŠŸ
[36m[2015-12-09 16:08:21.815] [DEBUG] db - [39musers å·²ç»åˆå§‹åŒ–
I am listening the port of 8181
[32m[nodemon] restarting due to changes...[39m
[32m[nodemon] starting `node app.js`[39m
[32m[2015-12-09 16:31:39.808] [INFO] db - [39mè¿æ¥æ•°æ®åº“ library
[32m[2015-12-09 16:31:39.857] [INFO] db - [39mæ•°æ®åº“è¿æ¥æˆåŠŸ
[36m[2015-12-09 16:31:39.857] [DEBUG] db - [39musers å·²ç»åˆå§‹åŒ–
I am listening the port of 8181
[32m[nodemon] restarting due to changes...[39m
[32m[nodemon] starting `node app.js`[39m
[32m[2015-12-09 16:32:45.980] [INFO] db - [39mè¿æ¥æ•°æ®åº“ library
[32m[2015-12-09 16:32:46.018] [INFO] db - [39mæ•°æ®åº“è¿æ¥æˆåŠŸ
[36m[2015-12-09 16:32:46.018] [DEBUG] db - [39musers å·²ç»åˆå§‹åŒ–
I am listening the port of 8181
[32m[nodemon] restarting due to changes...[39m
[32m[nodemon] starting `node app.js`[39m
[32m[nodemon] restarting due to changes...[39m
[32m[nodemon] starting `node app.js`[39m
[32m[nodemon] restarting due to changes...[39m
[32m[nodemon] starting `node app.js`[39m
[32m[2015-12-09 16:32:48.586] [INFO] db - [39mè¿æ¥æ•°æ®åº“ library
[32m[2015-12-09 16:32:48.631] [INFO] db - [39mæ•°æ®åº“è¿æ¥æˆåŠŸ
[36m[2015-12-09 16:32:48.631] [DEBUG] db - [39musers å·²ç»åˆå§‹åŒ–
I am listening the port of 8181
[32m[2015-12-10 17:10:19.223] [INFO] db - [39mè¿æ¥æ•°æ®åº“ library
[32m[2015-12-10 17:10:19.269] [INFO] db - [39mæ•°æ®åº“è¿æ¥æˆåŠŸ
[36m[2015-12-10 17:10:19.269] [DEBUG] db - [39musers å·²ç»åˆå§‹åŒ–
events.js:141
      throw er; // Unhandled 'error' event
      ^

Error: listen EADDRINUSE :::8181
  at Object.exports._errnoException (util.js:837:11)
  at exports._exceptionWithHostPort (util.js:860:20)
  at Server._listen2 (net.js:1231:14)
  at listen (net.js:1267:10)
  at Server.listen (net.js:1357:5)
  at EventEmitter.listen (/Users/mango/web/app/psd-to-img/node_modules/express/lib/application.js:617:24)
  at /Users/mango/web/app/psd-to-img/app.js:32:19
  at /Users/mango/web/app/psd-to-img/db.js:25:5
  at tryCatcher (/Users/mango/web/app/psd-to-img/node_modules/bluebird/js/release/util.js:11:23)
  at Promise._settlePromiseFromHandler (/Users/mango/web/app/psd-to-img/node_modules/bluebird/js/release/promise.js:489:31)
  at Promise._settlePromise (/Users/mango/web/app/psd-to-img/node_modules/bluebird/js/release/promise.js:546:18)
  at Promise._settlePromise0 (/Users/mango/web/app/psd-to-img/node_modules/bluebird/js/release/promise.js:591:10)
  at Promise._settlePromises (/Users/mango/web/app/psd-to-img/node_modules/bluebird/js/release/promise.js:674:18)
  at Async._drainQueue (/Users/mango/web/app/psd-to-img/node_modules/bluebird/js/release/async.js:129:16)
  at Async._drainQueues (/Users/mango/web/app/psd-to-img/node_modules/bluebird/js/release/async.js:139:10)
  at Immediate.Async.drainQueues [as _onImmediate] (/Users/mango/web/app/psd-to-img/node_modules/bluebird/js/release/async.js:16:14)
  at processImmediate [as _immediateCallback] (timers.js:371:17)

